refined-ibd.17Jan20.102.jar
Copyright (C) 2014-2017 Brian L. Browning
Enter java -jar refined-ibd.17Jan20.102.jar to list command line argument
Start time: 04:50 PM PDT on 11 Mar 2026

Command line: java -Xmx16384m -jar refined-ibd.17Jan20.102.jar
  gt=results/chr21_phased.vcf.gz
  out=results/chr21_refinedibd
  nthreads=8
  lod=1.0
  length=0.5

No genetic map is specified: using 1 cM = 1 Mb

Samples:                 1,000      
Model scale:             3.16       

Window 1 (21:9411239-48119740)
Markers:                 1,104,408  
Model construction:      8 minutes 2 seconds
IBD detection:           1 minute 58 seconds
Total time:              9 minutes 59 seconds

mean edges/level: 12     max edges/level: 33
mean edges/node:  1.085  mean count/edge: 167

Cumulative Statistics:

Markers:                 1,104,408  
Model construction:      8 minutes 2 seconds
IBD detection:           1 minute 58 seconds
Total time:              10 minutes 6 seconds

End time: 05:00 PM PDT on 11 Mar 2026
refined-ibd.17Jan20.102.jar finished
