beagle.27Feb25.75f.jar (version 5.5)
Copyright (C) 2014-2024 Brian L. Browning
Enter "java -jar beagle.27Feb25.75f.jar" to list command line argument
Start time: 11:37 PM PDT on 09 Mar 2026

Command line: java -Xmx8192m -jar beagle.27Feb25.75f.jar
  gt=data_qc/chr20_subset_biallelic_nomiss_dedup.vcf.gz
  out=results/chr20_phased
  nthreads=8

No genetic map is specified: using 1 cM = 1 Mb

Reference samples:                    0
Study     samples:                1,000

Window 1 [20:60343-40060263]
Study     markers:            1,087,399
Stage 1   markers:              326,786

Window 2 [20:38060263-62965354]
Study     markers:              780,170
Stage 1   markers:              238,078

Cumulative Statistics:

Study     markers:            1,811,167

Total time:                    51 seconds

End time: 11:38 PM PDT on 09 Mar 2026
beagle.27Feb25.75f.jar finished
