PLINK v1.9.0-b.7.11 64-bit (19 Aug 2025)
Options in effect:
  --bfile data_qc/chr22_qc
  --genome
  --out results/chr22_genome

Hostname: Sergis-MacBook-Air.local
Working directory: /Users/sergimarsol/Desktop/UCSD/Winter 2026/Bioinformatics/project/cse284-final-project
Start time: Wed Mar  4 11:54:33 2026

Random number seed: 1772654073
16384 MB RAM detected; reserving 8192 MB for main workspace.
118164 variants loaded from .bim file.
230 people (0 males, 0 females, 230 ambiguous) loaded from .fam.
Ambiguous sex IDs written to results/chr22_genome.nosex .
Using up to 8 threads (change this with --threads).
Before main variant filters, 230 founders and 0 nonfounders present.
Calculating allele frequencies... done.
Total genotyping rate is exactly 1.
118164 variants and 230 people pass filters and QC.
Note: No phenotypes present.
IBD calculations complete.
Finished writing results/chr22_genome.genome .

End time: Wed Mar  4 11:54:33 2026
