PLINK v1.9.0-b.7.11 64-bit (19 Aug 2025)
Options in effect:
  --bfile data_qc/merged_3chr_1000
  --genome
  --out results/genome_3chr_1000

Hostname: Sergis-Air.lan1
Working directory: /Users/sergimarsol/Desktop/UCSD/Winter 2026/Bioinformatics/project/cse284-final-project
Start time: Mon Mar  9 19:17:26 2026

Random number seed: 1773109046
16384 MB RAM detected; reserving 8192 MB for main workspace.
401845 variants loaded from .bim file.
1000 people (0 males, 0 females, 1000 ambiguous) loaded from .fam.
Ambiguous sex IDs written to results/genome_3chr_1000.nosex .
Using up to 8 threads (change this with --threads).
Before main variant filters, 1000 founders and 0 nonfounders present.
Calculating allele frequencies... done.
Total genotyping rate is exactly 1.
401845 variants and 1000 people pass filters and QC.
Note: No phenotypes present.
IBD calculations complete.
Finished writing results/genome_3chr_1000.genome .

End time: Mon Mar  9 19:17:27 2026
